Using pre-set license
Built from '2020.3/staging' branch; Version is '2020.3.3f1 (76626098c1c4) revision 7758432'; Using compiler version '192528614'; Build Type 'Release'
OS: 'Windows 10 Home; OS build 19041.928; Version 2004; 64bit' Language: 'en' Physical Memory: 16261 MB
BatchMode: 1, IsHumanControllingUs: 0, StartBugReporterOnCrash: 0, Is64bit: 1, IsPro: 0

 COMMAND LINE ARGUMENTS:
C:\Program Files\Unity\Hub\Editor\2020.3.3f1\Editor\Unity.exe
-adb2
-batchMode
-noUpm
-name
AssetImportWorker0
-projectPath
D:/Projects/Avocado-man/Game
-logFile
Logs/AssetImportWorker0.log
-srvPort
49813
Successfully changed project path to: D:/Projects/Avocado-man/Game
D:/Projects/Avocado-man/Game
Using Asset Import Pipeline V2.
Refreshing native plugins compatible for Editor in 103.19 ms, found 1 plugins.
Preloading 0 native plugins for Editor in 0.00 ms.
Initialize engine version: 2020.3.3f1 (76626098c1c4)
[Subsystems] Discovering subsystems at path C:/Program Files/Unity/Hub/Editor/2020.3.3f1/Editor/Data/Resources/UnitySubsystems
[Subsystems] Discovering subsystems at path D:/Projects/Avocado-man/Game/Assets
GfxDevice: creating device client; threaded=0
Direct3D:
    Version:  Direct3D 11.0 [level 11.1]
    Renderer: NVIDIA GeForce GTX 1660 Ti (ID=0x2191)
    Vendor:   
    VRAM:     5991 MB
    Driver:   27.21.14.5763
Initialize mono
Mono path[0] = 'C:/Program Files/Unity/Hub/Editor/2020.3.3f1/Editor/Data/Managed'
Mono path[1] = 'C:/Program Files/Unity/Hub/Editor/2020.3.3f1/Editor/Data/MonoBleedingEdge/lib/mono/unityjit'
Mono config path = 'C:/Program Files/Unity/Hub/Editor/2020.3.3f1/Editor/Data/MonoBleedingEdge/etc'
Using monoOptions --debugger-agent=transport=dt_socket,embedding=1,server=y,suspend=n,address=127.0.0.1:56620
Begin MonoManager ReloadAssembly
Registering precompiled unity dll's ...
Register platform support module: C:/Program Files/Unity/Hub/Editor/2020.3.3f1/Editor/Data/PlaybackEngines/WindowsStandaloneSupport/UnityEditor.WindowsStandalone.Extensions.dll
Registered in 0.007143 seconds.
Native extension for WindowsStandalone target not found
Refreshing native plugins compatible for Editor in 199.87 ms, found 1 plugins.
Preloading 0 native plugins for Editor in 0.00 ms.
Invoked RoslynAnalysisRunner static constructor.
RoslynAnalysisRunner will not be running.
RoslynAnalysisRunner has terminated.
Mono: successfully reloaded assembly
- Completed reload, in  4.357 seconds
Platform modules already initialized, skipping
Registering precompiled user dll's ...
Registered in 0.004364 seconds.
Begin MonoManager ReloadAssembly
Native extension for WindowsStandalone target not found
Refreshing native plugins compatible for Editor in 219.59 ms, found 1 plugins.
Preloading 0 native plugins for Editor in 0.00 ms.
Invoked RoslynAnalysisRunner static constructor.
RoslynAnalysisRunner will not be running.
RoslynAnalysisRunner has terminated.
Mono: successfully reloaded assembly
- Completed reload, in  4.873 seconds
Platform modules already initialized, skipping
========================================================================
Worker process is ready to serve import requests
Launched and connected shader compiler UnityShaderCompiler.exe after 0.15 seconds
Refreshing native plugins compatible for Editor in 0.99 ms, found 1 plugins.
Preloading 0 native plugins for Editor in 0.00 ms.
Unloading 1842 Unused Serialized files (Serialized files now loaded: 0)
System memory in use before: 106.6 MB.
System memory in use after: 106.7 MB.

Unloading 19 unused Assets to reduce memory usage. Loaded Objects now: 2311.
Total: 3.634600 ms (FindLiveObjects: 0.276300 ms CreateObjectMapping: 0.121700 ms MarkObjects: 3.104500 ms  DeleteObjects: 0.130000 ms)

========================================================================
Received Import Request.
  path: Assets/Code/BulletScript.cs
  artifactKey: Guid(75b25bca88ec37847913ce8f0169d3f7) Importer(815301076,1909f56bfc062723c751e8b465ee728b)
Start importing Assets/Code/BulletScript.cs using Guid(75b25bca88ec37847913ce8f0169d3f7) Importer(815301076,1909f56bfc062723c751e8b465ee728b)  -> (artifact id: '63dba2b7c2a040d668fb08117bbd155b') in 0.113911 seconds
  Import took 0.124512 seconds .

========================================================================
Received Import Request.
  Time since last request: 607.028949 seconds.
  path: Assets/Prefabs/Avo-bullet.prefab
  artifactKey: Guid(5f116e6b2f862434fab607d8c5db89b4) Importer(815301076,1909f56bfc062723c751e8b465ee728b)
Start importing Assets/Prefabs/Avo-bullet.prefab using Guid(5f116e6b2f862434fab607d8c5db89b4) Importer(815301076,1909f56bfc062723c751e8b465ee728b)  -> (artifact id: '64cfc14677606deff90fadc623fd2a9b') in 0.338091 seconds
  Import took 0.348580 seconds .

========================================================================
Received Import Request.
  Time since last request: 0.000434 seconds.
  path: Assets/Prefabs/bean front.prefab
  artifactKey: Guid(2e69ce2d02f40914685290ae95d2d8aa) Importer(815301076,1909f56bfc062723c751e8b465ee728b)
Start importing Assets/Prefabs/bean front.prefab using Guid(2e69ce2d02f40914685290ae95d2d8aa) Importer(815301076,1909f56bfc062723c751e8b465ee728b)  -> (artifact id: 'd8f981ca0e14c00f8aa1c432b3ff95a1') in 0.195429 seconds
  Import took 0.205257 seconds .

========================================================================
Received Import Request.
  Time since last request: 0.000511 seconds.
  path: Assets/Prefabs/Homing Bullet.prefab
  artifactKey: Guid(76eabe2d28f07434785e40a1c66917ff) Importer(815301076,1909f56bfc062723c751e8b465ee728b)
Start importing Assets/Prefabs/Homing Bullet.prefab using Guid(76eabe2d28f07434785e40a1c66917ff) Importer(815301076,1909f56bfc062723c751e8b465ee728b)  -> (artifact id: '61397fc99e2653701de6f99ff7f4d13d') in 0.070663 seconds
  Import took 0.080173 seconds .

========================================================================
Received Import Request.
  Time since last request: 0.000454 seconds.
  path: Assets/Prefabs/bee front.prefab
  artifactKey: Guid(8b7ec78ee0104a54eae827fdf1fbd4f1) Importer(815301076,1909f56bfc062723c751e8b465ee728b)
Start importing Assets/Prefabs/bee front.prefab using Guid(8b7ec78ee0104a54eae827fdf1fbd4f1) Importer(815301076,1909f56bfc062723c751e8b465ee728b)  -> (artifact id: 'd6110771a32e3d7efdb68614a2328b94') in 0.096098 seconds
  Import took 0.104786 seconds .

========================================================================
Received Import Request.
  Time since last request: 0.000864 seconds.
  path: Assets/Prefabs/Healthbar.prefab
  artifactKey: Guid(aef609a6761f8a5488906580a5d8e4da) Importer(815301076,1909f56bfc062723c751e8b465ee728b)
Start importing Assets/Prefabs/Healthbar.prefab using Guid(aef609a6761f8a5488906580a5d8e4da) Importer(815301076,1909f56bfc062723c751e8b465ee728b)  -> (artifact id: '8ec3c81ff4d5b2207f7b895cffd684eb') in 0.051829 seconds
  Import took 0.063658 seconds .

========================================================================
Received Import Request.
  Time since last request: 0.000527 seconds.
  path: Assets/Prefabs/Bullet.prefab
  artifactKey: Guid(405af25b1d2248b4faa886eddfd03271) Importer(815301076,1909f56bfc062723c751e8b465ee728b)
Start importing Assets/Prefabs/Bullet.prefab using Guid(405af25b1d2248b4faa886eddfd03271) Importer(815301076,1909f56bfc062723c751e8b465ee728b)  -> (artifact id: '2e0e10d65a2d724efe0ab37f3f46513b') in 0.104733 seconds
  Import took 0.116672 seconds .

========================================================================
Received Prepare
Registering precompiled user dll's ...
Registered in 0.136348 seconds.
Begin MonoManager ReloadAssembly
Native extension for WindowsStandalone target not found
Refreshing native plugins compatible for Editor in 1.35 ms, found 1 plugins.
Preloading 0 native plugins for Editor in 0.00 ms.
Invoked RoslynAnalysisRunner static constructor.
RoslynAnalysisRunner will not be running.
RoslynAnalysisRunner has terminated.
Mono: successfully reloaded assembly
- Completed reload, in  3.251 seconds
Platform modules already initialized, skipping
Refreshing native plugins compatible for Editor in 1.75 ms, found 1 plugins.
Preloading 0 native plugins for Editor in 0.00 ms.
Unloading 1820 Unused Serialized files (Serialized files now loaded: 0)
System memory in use before: 108.4 MB.
System memory in use after: 108.5 MB.

Unloading 8 unused Assets to reduce memory usage. Loaded Objects now: 2321.
Total: 6.344400 ms (FindLiveObjects: 0.737700 ms CreateObjectMapping: 0.137200 ms MarkObjects: 5.423100 ms  DeleteObjects: 0.043500 ms)

========================================================================
Received Import Request.
  Time since last request: 74.589326 seconds.
  path: Assets/Prefabs/Avo-bullet.prefab
  artifactKey: Guid(5f116e6b2f862434fab607d8c5db89b4) Importer(815301076,1909f56bfc062723c751e8b465ee728b)
Start importing Assets/Prefabs/Avo-bullet.prefab using Guid(5f116e6b2f862434fab607d8c5db89b4) Importer(815301076,1909f56bfc062723c751e8b465ee728b)  -> (artifact id: '7fa4e66dcfcca0cdc6d96916af39934d') in 0.130209 seconds
  Import took 0.134953 seconds .

========================================================================
Received Import Request.
  Time since last request: 0.102114 seconds.
  path: Assets/Prefabs/Avo-bullet.prefab
  artifactKey: Guid(5f116e6b2f862434fab607d8c5db89b4) Importer(815301076,1909f56bfc062723c751e8b465ee728b)
Start importing Assets/Prefabs/Avo-bullet.prefab using Guid(5f116e6b2f862434fab607d8c5db89b4) Importer(815301076,1909f56bfc062723c751e8b465ee728b)  -> (artifact id: '7fa4e66dcfcca0cdc6d96916af39934d') in 0.012785 seconds
  Import took 0.019236 seconds .

========================================================================
Received Prepare
Registering precompiled user dll's ...
Registered in 0.003375 seconds.
Begin MonoManager ReloadAssembly
Native extension for WindowsStandalone target not found
Refreshing native plugins compatible for Editor in 1.70 ms, found 1 plugins.
Preloading 0 native plugins for Editor in 0.00 ms.
Invoked RoslynAnalysisRunner static constructor.
RoslynAnalysisRunner will not be running.
RoslynAnalysisRunner has terminated.
Mono: successfully reloaded assembly
- Completed reload, in  4.252 seconds
Platform modules already initialized, skipping
Refreshing native plugins compatible for Editor in 1.67 ms, found 1 plugins.
Preloading 0 native plugins for Editor in 0.00 ms.
Unloading 1820 Unused Serialized files (Serialized files now loaded: 0)
System memory in use before: 108.4 MB.
System memory in use after: 108.6 MB.

Unloading 8 unused Assets to reduce memory usage. Loaded Objects now: 2325.
Total: 8.666100 ms (FindLiveObjects: 1.163600 ms CreateObjectMapping: 0.444200 ms MarkObjects: 6.991100 ms  DeleteObjects: 0.062300 ms)

========================================================================
Received Prepare
Registering precompiled user dll's ...
Registered in 0.004523 seconds.
Begin MonoManager ReloadAssembly
Native extension for WindowsStandalone target not found
Refreshing native plugins compatible for Editor in 1.78 ms, found 1 plugins.
Preloading 0 native plugins for Editor in 0.00 ms.
Invoked RoslynAnalysisRunner static constructor.
RoslynAnalysisRunner will not be running.
RoslynAnalysisRunner has terminated.
Mono: successfully reloaded assembly
- Completed reload, in  3.536 seconds
Platform modules already initialized, skipping
Refreshing native plugins compatible for Editor in 1.67 ms, found 1 plugins.
Preloading 0 native plugins for Editor in 0.00 ms.
Unloading 1820 Unused Serialized files (Serialized files now loaded: 0)
System memory in use before: 108.5 MB.
System memory in use after: 108.6 MB.

Unloading 8 unused Assets to reduce memory usage. Loaded Objects now: 2328.
Total: 6.568500 ms (FindLiveObjects: 0.446500 ms CreateObjectMapping: 0.215600 ms MarkObjects: 5.843200 ms  DeleteObjects: 0.060100 ms)

========================================================================
Received Import Request.
  Time since last request: 176.355189 seconds.
  path: Assets/Prefabs/Bullet.prefab
  artifactKey: Guid(405af25b1d2248b4faa886eddfd03271) Importer(815301076,1909f56bfc062723c751e8b465ee728b)
Start importing Assets/Prefabs/Bullet.prefab using Guid(405af25b1d2248b4faa886eddfd03271) Importer(815301076,1909f56bfc062723c751e8b465ee728b)  -> (artifact id: 'dbe5a0a84cfdc0c0dca950b6e11da168') in 0.273338 seconds
  Import took 0.284696 seconds .

========================================================================
Received Prepare
Registering precompiled user dll's ...
Registered in 0.002876 seconds.
Begin MonoManager ReloadAssembly
Native extension for WindowsStandalone target not found
Refreshing native plugins compatible for Editor in 1.23 ms, found 1 plugins.
Preloading 0 native plugins for Editor in 0.00 ms.
Invoked RoslynAnalysisRunner static constructor.
RoslynAnalysisRunner will not be running.
RoslynAnalysisRunner has terminated.
Mono: successfully reloaded assembly
- Completed reload, in  3.275 seconds
Platform modules already initialized, skipping
Refreshing native plugins compatible for Editor in 1.65 ms, found 1 plugins.
Preloading 0 native plugins for Editor in 0.00 ms.
Unloading 1820 Unused Serialized files (Serialized files now loaded: 0)
System memory in use before: 108.5 MB.
System memory in use after: 108.6 MB.

Unloading 8 unused Assets to reduce memory usage. Loaded Objects now: 2332.
Total: 6.237400 ms (FindLiveObjects: 0.593800 ms CreateObjectMapping: 0.365900 ms MarkObjects: 5.233800 ms  DeleteObjects: 0.040000 ms)

========================================================================
Received Prepare
Registering precompiled user dll's ...
Registered in 0.002860 seconds.
Begin MonoManager ReloadAssembly
Native extension for WindowsStandalone target not found
Refreshing native plugins compatible for Editor in 1.21 ms, found 1 plugins.
Preloading 0 native plugins for Editor in 0.00 ms.
Invoked RoslynAnalysisRunner static constructor.
RoslynAnalysisRunner will not be running.
RoslynAnalysisRunner has terminated.
Mono: successfully reloaded assembly
- Completed reload, in  3.488 seconds
Platform modules already initialized, skipping
Refreshing native plugins compatible for Editor in 0.54 ms, found 1 plugins.
Preloading 0 native plugins for Editor in 0.00 ms.
Unloading 1820 Unused Serialized files (Serialized files now loaded: 0)
System memory in use before: 108.5 MB.
System memory in use after: 108.6 MB.

Unloading 8 unused Assets to reduce memory usage. Loaded Objects now: 2335.
Total: 3.123800 ms (FindLiveObjects: 0.413600 ms CreateObjectMapping: 0.170500 ms MarkObjects: 2.517400 ms  DeleteObjects: 0.020700 ms)

========================================================================
Received Prepare
Registering precompiled user dll's ...
Registered in 0.001871 seconds.
Begin MonoManager ReloadAssembly
Native extension for WindowsStandalone target not found
Refreshing native plugins compatible for Editor in 1.54 ms, found 1 plugins.
Preloading 0 native plugins for Editor in 0.00 ms.
Invoked RoslynAnalysisRunner static constructor.
RoslynAnalysisRunner will not be running.
RoslynAnalysisRunner has terminated.
Mono: successfully reloaded assembly
- Completed reload, in  3.441 seconds
Platform modules already initialized, skipping
Refreshing native plugins compatible for Editor in 1.71 ms, found 1 plugins.
Preloading 0 native plugins for Editor in 0.00 ms.
Unloading 1820 Unused Serialized files (Serialized files now loaded: 0)
System memory in use before: 108.5 MB.
System memory in use after: 108.6 MB.

Unloading 8 unused Assets to reduce memory usage. Loaded Objects now: 2338.
Total: 5.935400 ms (FindLiveObjects: 1.199800 ms CreateObjectMapping: 0.315500 ms MarkObjects: 4.371200 ms  DeleteObjects: 0.046200 ms)

========================================================================
Received Prepare
Registering precompiled user dll's ...
Registered in 0.001950 seconds.
Begin MonoManager ReloadAssembly
Native extension for WindowsStandalone target not found
Refreshing native plugins compatible for Editor in 2.03 ms, found 1 plugins.
Preloading 0 native plugins for Editor in 0.00 ms.
Invoked RoslynAnalysisRunner static constructor.
RoslynAnalysisRunner will not be running.
RoslynAnalysisRunner has terminated.
Mono: successfully reloaded assembly
- Completed reload, in  3.442 seconds
Platform modules already initialized, skipping
Refreshing native plugins compatible for Editor in 0.80 ms, found 1 plugins.
Preloading 0 native plugins for Editor in 0.00 ms.
Unloading 1820 Unused Serialized files (Serialized files now loaded: 0)
System memory in use before: 108.5 MB.
System memory in use after: 108.6 MB.

Unloading 8 unused Assets to reduce memory usage. Loaded Objects now: 2341.
Total: 5.017800 ms (FindLiveObjects: 0.440600 ms CreateObjectMapping: 0.194700 ms MarkObjects: 4.234400 ms  DeleteObjects: 0.145000 ms)

========================================================================
Received Prepare
Registering precompiled user dll's ...
Registered in 0.003888 seconds.
Begin MonoManager ReloadAssembly
Native extension for WindowsStandalone target not found
Refreshing native plugins compatible for Editor in 1.11 ms, found 1 plugins.
Preloading 0 native plugins for Editor in 0.00 ms.
Invoked RoslynAnalysisRunner static constructor.
RoslynAnalysisRunner will not be running.
RoslynAnalysisRunner has terminated.
Mono: successfully reloaded assembly
- Completed reload, in  3.441 seconds
Platform modules already initialized, skipping
Refreshing native plugins compatible for Editor in 0.75 ms, found 1 plugins.
Preloading 0 native plugins for Editor in 0.00 ms.
Unloading 1820 Unused Serialized files (Serialized files now loaded: 0)
System memory in use before: 108.5 MB.
System memory in use after: 108.6 MB.

Unloading 8 unused Assets to reduce memory usage. Loaded Objects now: 2344.
Total: 5.604400 ms (FindLiveObjects: 0.466000 ms CreateObjectMapping: 0.234800 ms MarkObjects: 4.844800 ms  DeleteObjects: 0.056100 ms)

========================================================================
Received Prepare
Registering precompiled user dll's ...
Registered in 0.001880 seconds.
Begin MonoManager ReloadAssembly
Native extension for WindowsStandalone target not found
Refreshing native plugins compatible for Editor in 0.76 ms, found 1 plugins.
Preloading 0 native plugins for Editor in 0.00 ms.
Invoked RoslynAnalysisRunner static constructor.
RoslynAnalysisRunner will not be running.
RoslynAnalysisRunner has terminated.
Mono: successfully reloaded assembly
- Completed reload, in  2.594 seconds
Platform modules already initialized, skipping
Refreshing native plugins compatible for Editor in 0.70 ms, found 1 plugins.
Preloading 0 native plugins for Editor in 0.00 ms.
Unloading 1820 Unused Serialized files (Serialized files now loaded: 0)
System memory in use before: 108.5 MB.
System memory in use after: 108.7 MB.

Unloading 8 unused Assets to reduce memory usage. Loaded Objects now: 2347.
Total: 3.784900 ms (FindLiveObjects: 0.343200 ms CreateObjectMapping: 0.196600 ms MarkObjects: 3.217000 ms  DeleteObjects: 0.026200 ms)

========================================================================
Received Prepare
Registering precompiled user dll's ...
Registered in 0.001980 seconds.
Begin MonoManager ReloadAssembly
Native extension for WindowsStandalone target not found
Refreshing native plugins compatible for Editor in 1.21 ms, found 1 plugins.
Preloading 0 native plugins for Editor in 0.00 ms.
Invoked RoslynAnalysisRunner static constructor.
RoslynAnalysisRunner will not be running.
RoslynAnalysisRunner has terminated.
Mono: successfully reloaded assembly
- Completed reload, in  2.494 seconds
Platform modules already initialized, skipping
Refreshing native plugins compatible for Editor in 1.30 ms, found 1 plugins.
Preloading 0 native plugins for Editor in 0.00 ms.
Unloading 1820 Unused Serialized files (Serialized files now loaded: 0)
System memory in use before: 108.6 MB.
System memory in use after: 108.7 MB.

Unloading 8 unused Assets to reduce memory usage. Loaded Objects now: 2350.
Total: 3.907500 ms (FindLiveObjects: 0.471500 ms CreateObjectMapping: 0.228500 ms MarkObjects: 3.168200 ms  DeleteObjects: 0.037000 ms)

========================================================================
Received Import Request.
  Time since last request: 956.638874 seconds.
  path: Assets/Prefabs/bean front.prefab
  artifactKey: Guid(2e69ce2d02f40914685290ae95d2d8aa) Importer(815301076,1909f56bfc062723c751e8b465ee728b)
Start importing Assets/Prefabs/bean front.prefab using Guid(2e69ce2d02f40914685290ae95d2d8aa) Importer(815301076,1909f56bfc062723c751e8b465ee728b)  -> (artifact id: '36e4443b1958a97d424dd6b641e52c6f') in 0.185769 seconds
  Import took 0.191670 seconds .

========================================================================
Received Import Request.
  Time since last request: 0.000346 seconds.
  path: Assets/Prefabs/bee front.prefab
  artifactKey: Guid(8b7ec78ee0104a54eae827fdf1fbd4f1) Importer(815301076,1909f56bfc062723c751e8b465ee728b)
Start importing Assets/Prefabs/bee front.prefab using Guid(8b7ec78ee0104a54eae827fdf1fbd4f1) Importer(815301076,1909f56bfc062723c751e8b465ee728b)  -> (artifact id: '14b5bfb7801c41668ef1f5aba8c059c7') in 0.037927 seconds
  Import took 0.045232 seconds .

AssetImportWorkerClient::OnTransportError - code=2 error=End of file
