Using pre-set license
Built from '2020.3/staging' branch; Version is '2020.3.3f1 (76626098c1c4) revision 7758432'; Using compiler version '192528614'; Build Type 'Release'
OS: 'Windows 10 Home; OS build 19041.928; Version 2004; 64bit' Language: 'en' Physical Memory: 16261 MB
BatchMode: 1, IsHumanControllingUs: 0, StartBugReporterOnCrash: 0, Is64bit: 1, IsPro: 0

 COMMAND LINE ARGUMENTS:
C:\Program Files\Unity\Hub\Editor\2020.3.3f1\Editor\Unity.exe
-adb2
-batchMode
-noUpm
-name
AssetImportWorker1
-projectPath
D:/Projects/Avocado-man/Game
-logFile
Logs/AssetImportWorker1.log
-srvPort
49753
Successfully changed project path to: D:/Projects/Avocado-man/Game
D:/Projects/Avocado-man/Game
Using Asset Import Pipeline V2.
Refreshing native plugins compatible for Editor in 89.29 ms, found 1 plugins.
Preloading 0 native plugins for Editor in 0.00 ms.
Initialize engine version: 2020.3.3f1 (76626098c1c4)
[Subsystems] Discovering subsystems at path C:/Program Files/Unity/Hub/Editor/2020.3.3f1/Editor/Data/Resources/UnitySubsystems
[Subsystems] Discovering subsystems at path D:/Projects/Avocado-man/Game/Assets
GfxDevice: creating device client; threaded=0
Direct3D:
    Version:  Direct3D 11.0 [level 11.1]
    Renderer: NVIDIA GeForce GTX 1660 Ti (ID=0x2191)
    Vendor:   
    VRAM:     5991 MB
    Driver:   27.21.14.5763
Initialize mono
Mono path[0] = 'C:/Program Files/Unity/Hub/Editor/2020.3.3f1/Editor/Data/Managed'
Mono path[1] = 'C:/Program Files/Unity/Hub/Editor/2020.3.3f1/Editor/Data/MonoBleedingEdge/lib/mono/unityjit'
Mono config path = 'C:/Program Files/Unity/Hub/Editor/2020.3.3f1/Editor/Data/MonoBleedingEdge/etc'
Using monoOptions --debugger-agent=transport=dt_socket,embedding=1,server=y,suspend=n,address=127.0.0.1:56600
Begin MonoManager ReloadAssembly
Registering precompiled unity dll's ...
Register platform support module: C:/Program Files/Unity/Hub/Editor/2020.3.3f1/Editor/Data/PlaybackEngines/WindowsStandaloneSupport/UnityEditor.WindowsStandalone.Extensions.dll
Registered in 0.007525 seconds.
Native extension for WindowsStandalone target not found
Refreshing native plugins compatible for Editor in 136.83 ms, found 1 plugins.
Preloading 0 native plugins for Editor in 0.00 ms.
Invoked RoslynAnalysisRunner static constructor.
RoslynAnalysisRunner will not be running.
RoslynAnalysisRunner has terminated.
Mono: successfully reloaded assembly
- Completed reload, in  4.113 seconds
Platform modules already initialized, skipping
Registering precompiled user dll's ...
Registered in 0.001735 seconds.
Begin MonoManager ReloadAssembly
Native extension for WindowsStandalone target not found
Refreshing native plugins compatible for Editor in 81.11 ms, found 1 plugins.
Preloading 0 native plugins for Editor in 0.00 ms.
Invoked RoslynAnalysisRunner static constructor.
RoslynAnalysisRunner will not be running.
RoslynAnalysisRunner has terminated.
Mono: successfully reloaded assembly
- Completed reload, in  1.841 seconds
Platform modules already initialized, skipping
========================================================================
Worker process is ready to serve import requests
Launched and connected shader compiler UnityShaderCompiler.exe after 0.13 seconds
Refreshing native plugins compatible for Editor in 0.81 ms, found 1 plugins.
Preloading 0 native plugins for Editor in 0.00 ms.
Unloading 1841 Unused Serialized files (Serialized files now loaded: 0)
System memory in use before: 106.5 MB.
System memory in use after: 106.6 MB.

Unloading 19 unused Assets to reduce memory usage. Loaded Objects now: 2310.
Total: 5.266600 ms (FindLiveObjects: 0.622200 ms CreateObjectMapping: 0.730500 ms MarkObjects: 3.799900 ms  DeleteObjects: 0.111700 ms)

========================================================================
Received Import Request.
  path: Assets/Sprites/Scenes/game.unity
  artifactKey: Guid(9f64d3ef70b5f0c67abea41657f71bf8) Importer(815301076,1909f56bfc062723c751e8b465ee728b)
Start importing Assets/Sprites/Scenes/game.unity using Guid(9f64d3ef70b5f0c67abea41657f71bf8) Importer(815301076,1909f56bfc062723c751e8b465ee728b)  -> (artifact id: 'f0d326dbb29347875f4753645abcae9b') in 0.054091 seconds
  Import took 0.060365 seconds .

========================================================================
Received Import Request.
  Time since last request: 37.631835 seconds.
  path: Assets/Code/Pausemenu.cs
  artifactKey: Guid(66c2c7bffbec401938958b0bc0071973) Importer(815301076,1909f56bfc062723c751e8b465ee728b)
Start importing Assets/Code/Pausemenu.cs using Guid(66c2c7bffbec401938958b0bc0071973) Importer(815301076,1909f56bfc062723c751e8b465ee728b)  -> (artifact id: '361ee9ff3a70c2615e4dfaff54f04a6d') in 0.060115 seconds
  Import took 0.068702 seconds .

========================================================================
Received Prepare
Refreshing native plugins compatible for Editor in 3.36 ms, found 1 plugins.
Preloading 0 native plugins for Editor in 0.00 ms.
Unloading 6 Unused Serialized files (Serialized files now loaded: 0)
System memory in use before: 69.1 MB.
System memory in use after: 69.3 MB.

Unloading 5 unused Assets to reduce memory usage. Loaded Objects now: 2310.
Total: 4.309700 ms (FindLiveObjects: 0.351200 ms CreateObjectMapping: 0.148600 ms MarkObjects: 3.780500 ms  DeleteObjects: 0.027500 ms)

========================================================================
Received Import Request.
  Time since last request: 23.674878 seconds.
  path: Assets/Code/Mainmenu.cs
  artifactKey: Guid(8fb5103695438f13797cb310d578b9b5) Importer(815301076,1909f56bfc062723c751e8b465ee728b)
Start importing Assets/Code/Mainmenu.cs using Guid(8fb5103695438f13797cb310d578b9b5) Importer(815301076,1909f56bfc062723c751e8b465ee728b)  -> (artifact id: '07d496bad89b86d128c5c46a8a550376') in 0.011805 seconds
  Import took 0.018035 seconds .

========================================================================
Received Prepare
Registering precompiled user dll's ...
Registered in 0.003973 seconds.
Begin MonoManager ReloadAssembly
Native extension for WindowsStandalone target not found
Refreshing native plugins compatible for Editor in 1.27 ms, found 1 plugins.
Preloading 0 native plugins for Editor in 0.00 ms.
Invoked RoslynAnalysisRunner static constructor.
RoslynAnalysisRunner will not be running.
RoslynAnalysisRunner has terminated.
Mono: successfully reloaded assembly
- Completed reload, in  2.966 seconds
Platform modules already initialized, skipping
Refreshing native plugins compatible for Editor in 1.24 ms, found 1 plugins.
Preloading 0 native plugins for Editor in 0.00 ms.
Unloading 1819 Unused Serialized files (Serialized files now loaded: 0)
System memory in use before: 105.2 MB.
System memory in use after: 105.3 MB.

Unloading 8 unused Assets to reduce memory usage. Loaded Objects now: 2313.
Total: 5.036600 ms (FindLiveObjects: 0.443400 ms CreateObjectMapping: 0.173300 ms MarkObjects: 4.383600 ms  DeleteObjects: 0.034200 ms)

========================================================================
Received Prepare
Registering precompiled user dll's ...
Registered in 0.000923 seconds.
Begin MonoManager ReloadAssembly
Native extension for WindowsStandalone target not found
Refreshing native plugins compatible for Editor in 0.39 ms, found 1 plugins.
Preloading 0 native plugins for Editor in 0.00 ms.
Invoked RoslynAnalysisRunner static constructor.
RoslynAnalysisRunner will not be running.
RoslynAnalysisRunner has terminated.
Mono: successfully reloaded assembly
- Completed reload, in  0.897 seconds
Platform modules already initialized, skipping
Refreshing native plugins compatible for Editor in 0.39 ms, found 1 plugins.
Preloading 0 native plugins for Editor in 0.00 ms.
Unloading 1819 Unused Serialized files (Serialized files now loaded: 0)
System memory in use before: 105.2 MB.
System memory in use after: 105.3 MB.

Unloading 8 unused Assets to reduce memory usage. Loaded Objects now: 2316.
Total: 2.792300 ms (FindLiveObjects: 0.274700 ms CreateObjectMapping: 0.084300 ms MarkObjects: 2.411300 ms  DeleteObjects: 0.020400 ms)

AssetImportWorkerClient::OnTransportError - code=2 error=End of file
